<?xml version="1.0" encoding="UTF-8"?>
<testsuite xmlns:xsi="http://www.w3.org/2001/XMLSchema-instance" xsi:noNamespaceSchemaLocation="https://maven.apache.org/surefire/maven-surefire-plugin/xsd/surefire-test-report-3.0.xsd" version="3.0" name="com.example.DriverLookupSystem.DriverLookupSystemApplicationTests" time="4.105" tests="2" errors="0" skipped="0" failures="0">
  <properties>
[...]
</properties>
  <testcase name="contextLoads" classname="com.example.DriverLookupSystem.DriverLookupSystemApplicationTests" time="0.298">
    <system-out><![CDATA[22:15:42.499 [main] INFO org.springframework.test.context.support.AnnotationConfigContextLoaderUtils -- Could not detect default configuration classes for test class [com.example.DriverLookupSystem.DriverLookupSystemApplicationTests]: DriverLookupSystemApplicationTests does not declare any static, non-private, non-final, nested classes annotated with @Configuration.
22:15:42.575 [main] INFO org.springframework.boot.test.context.SpringBootTestContextBootstrapper -- Found @SpringBootConfiguration com.example.DriverLookupSystem.DriverLookupSystemApplication for test class com.example.DriverLookupSystem.DriverLookupSystemApplicationTests

  .   ____          _            __ _ _
 /\\ / ___'_ __ _ _(_)_ __  __ _ \ \ \ \
( ( )\___ | '_ | '_| | '_ \/ _` | \ \ \ \
 \\/  ___)| |_)| | | | | || (_| |  ) ) ) )
  '  |____| .__|_| |_|_| |_\__, | / / / /
 =========|_|==============|___/=/_/_/_/
 :: Spring Boot ::                (v3.1.1)

2023-06-26T22:15:42.887+05:30  INFO 11924 --- [           main] c.e.D.DriverLookupSystemApplicationTests : Starting DriverLookupSystemApplicationTests using Java 17.0.1 with PID 11924 (started by WORK STATION in D:\After College\Day Infinity\DriverLookupSystem)
2023-06-26T22:15:42.888+05:30  INFO 11924 --- [           main] c.e.D.DriverLookupSystemApplicationTests : No active profile set, falling back to 1 default profile: "default"
2023-06-26T22:15:43.388+05:30  INFO 11924 --- [           main] .s.d.r.c.RepositoryConfigurationDelegate : Bootstrapping Spring Data JPA repositories in DEFAULT mode.
2023-06-26T22:15:43.432+05:30  INFO 11924 --- [           main] .s.d.r.c.RepositoryConfigurationDelegate : Finished Spring Data repository scanning in 37 ms. Found 1 JPA repository interfaces.
2023-06-26T22:15:43.829+05:30  INFO 11924 --- [           main] o.hibernate.jpa.internal.util.LogHelper  : HHH000204: Processing PersistenceUnitInfo [name: default]
2023-06-26T22:15:43.892+05:30  INFO 11924 --- [           main] org.hibernate.Version                    : HHH000412: Hibernate ORM core version 6.2.5.Final
2023-06-26T22:15:43.894+05:30  INFO 11924 --- [           main] org.hibernate.cfg.Environment            : HHH000406: Using bytecode reflection optimizer
2023-06-26T22:15:44.029+05:30  INFO 11924 --- [           main] o.h.b.i.BytecodeProviderInitiator        : HHH000021: Bytecode provider name : bytebuddy
2023-06-26T22:15:44.135+05:30  INFO 11924 --- [           main] o.s.o.j.p.SpringPersistenceUnitInfo      : No LoadTimeWeaver setup: ignoring JPA class transformer
2023-06-26T22:15:44.150+05:30  INFO 11924 --- [           main] com.zaxxer.hikari.HikariDataSource       : HikariPool-1 - Starting...
2023-06-26T22:15:44.479+05:30  INFO 11924 --- [           main] com.zaxxer.hikari.pool.HikariPool        : HikariPool-1 - Added connection com.mysql.cj.jdbc.ConnectionImpl@1a345298
2023-06-26T22:15:44.481+05:30  INFO 11924 --- [           main] com.zaxxer.hikari.HikariDataSource       : HikariPool-1 - Start completed.
2023-06-26T22:15:44.693+05:30  INFO 11924 --- [           main] o.h.b.i.BytecodeProviderInitiator        : HHH000021: Bytecode provider name : bytebuddy
2023-06-26T22:15:45.159+05:30  INFO 11924 --- [           main] o.h.e.t.j.p.i.JtaPlatformInitiator       : HHH000490: Using JtaPlatform implementation: [org.hibernate.engine.transaction.jta.platform.internal.NoJtaPlatform]
2023-06-26T22:15:45.205+05:30  INFO 11924 --- [           main] j.LocalContainerEntityManagerFactoryBean : Initialized JPA EntityManagerFactory for persistence unit 'default'
2023-06-26T22:15:45.587+05:30  WARN 11924 --- [           main] JpaBaseConfiguration$JpaWebConfiguration : spring.jpa.open-in-view is enabled by default. Therefore, database queries may be performed during view rendering. Explicitly configure spring.jpa.open-in-view to disable this warning
2023-06-26T22:15:45.896+05:30  INFO 11924 --- [           main] o.s.s.web.DefaultSecurityFilterChain     : Will secure any request with [org.springframework.security.web.session.DisableEncodeUrlFilter@5b3c2a9f, org.springframework.security.web.context.request.async.WebAsyncManagerIntegrationFilter@535b4dbf, org.springframework.security.web.context.SecurityContextHolderFilter@7568134c, org.springframework.security.web.header.HeaderWriterFilter@2eb73a42, org.springframework.security.web.authentication.logout.LogoutFilter@6b64921f, com.example.DriverLookupSystem.Config.JwtFilter@36e98434, org.springframework.security.web.savedrequest.RequestCacheAwareFilter@35217e0, org.springframework.security.web.servletapi.SecurityContextHolderAwareRequestFilter@3dd27116, org.springframework.security.web.authentication.AnonymousAuthenticationFilter@4f571c0e, org.springframework.security.web.session.SessionManagementFilter@1828ab51, org.springframework.security.web.access.ExceptionTranslationFilter@73753326, org.springframework.security.web.access.intercept.AuthorizationFilter@5f1a3c4]
2023-06-26T22:15:46.123+05:30  INFO 11924 --- [           main] o.s.b.t.m.w.SpringBootMockServletContext : Initializing Spring TestDispatcherServlet ''
2023-06-26T22:15:46.123+05:30  INFO 11924 --- [           main] o.s.t.web.servlet.TestDispatcherServlet  : Initializing Servlet ''
2023-06-26T22:15:46.124+05:30  INFO 11924 --- [           main] o.s.t.web.servlet.TestDispatcherServlet  : Completed initialization in 0 ms
2023-06-26T22:15:46.140+05:30  INFO 11924 --- [           main] c.e.D.DriverLookupSystemApplicationTests : Started DriverLookupSystemApplicationTests in 3.447 seconds (process running for 4.131)
]]></system-out>
  </testcase>
  <testcase name="shouldNotAllowAccessToUnauthenticatedUsers" classname="com.example.DriverLookupSystem.DriverLookupSystemApplicationTests" time="0.027"/>
</testsuite>